dh_prep
dh_installdirs
dh_prep
dh_installdirs
dh_prep
dh_installdirs
dh_install
dh_prep
dh_installdirs
dh_install
dh_prep
dh_installdirs
dh_prep
dh_installdirs
dh_prep
dh_installdirs
dh_install
dh_installdocs
dh_installchangelogs
dh_compress
dh_makeshlibs
dh_installdeb
dh_shlibdeps
dh_gencontrol
dh_md5sums
dh_builddeb
dh_prep
dh_installdirs
dh_install
dh_installdocs
dh_installchangelogs
dh_compress
dh_makeshlibs
dh_installdeb
dh_shlibdeps
dh_gencontrol
dh_md5sums
dh_builddeb
dh_prep
dh_installdirs
dh_install
dh_installdocs
dh_installchangelogs
dh_compress
dh_makeshlibs
dh_installdeb
dh_shlibdeps
dh_gencontrol
dh_md5sums
dh_builddeb
dh_prep
dh_installdirs
dh_install
dh_installdocs
dh_installchangelogs
dh_compress
dh_makeshlibs
dh_installdeb
dh_shlibdeps
dh_gencontrol
dh_md5sums
dh_builddeb
dh_prep
dh_installdirs
dh_install
dh_installdocs
dh_installchangelogs
dh_compress
dh_makeshlibs
dh_installdeb
dh_shlibdeps
dh_gencontrol
dh_md5sums
dh_builddeb
dh_prep
dh_installdirs
dh_install
dh_installdocs
dh_installchangelogs
dh_compress
dh_makeshlibs
dh_installdeb
dh_shlibdeps
dh_gencontrol
dh_md5sums
dh_builddeb
